<?xml version="1.0" encoding="utf-8"?><testsuites name="pytest tests"><testsuite name="pytest" errors="0" failures="0" skipped="0" tests="10" time="0.244" timestamp="2025-09-16T23:06:46.616419+02:00" hostname="bicco-desktop"><testcase classname="tests.test_wallet_api" name="test_wallet_address_creates_file" time="0.024" /><testcase classname="tests.test_wallet_api" name="test_wallet_health_ok" time="0.008" /><testcase classname="tests.test_wallet_api" name="test_wallet_balance_without_solana" time="0.001" /><testcase classname="tests.test_wallet_api" name="test_wallet_balance_with_mock" time="0.004" /><testcase classname="tests.test_wallet_api" name="test_wallet_airdrop_with_mock" time="0.003" /><testcase classname="tests.test_wallet_api" name="test_wallet_airdrop_rate_limited" time="0.003" /><testcase classname="tests.test_wallet_api" name="test_wallet_balance_invalid_address" time="0.001" /><testcase classname="tests.test_wallet_api" name="test_agents_research_generate_creates_ideas" time="0.003" /><testcase classname="tests.test_wallet_api" name="test_agents_status_minimal" time="0.001" /><testcase classname="tests.test_wallet_api" name="test_wallet_address_persistence" time="0.003" /></testsuite></testsuites>